{"contracts/revenueshare/GeneralRevenueShareLogic.sol":{"l":{"57":12,"61":12,"70":14,"71":13,"72":12,"73":12,"82":5,"83":4,"84":3,"85":3,"93":6,"103":10,"104":10,"105":10,"106":10,"116":9,"117":9,"118":9,"128":2,"129":2,"138":2,"139":2,"151":12,"152":11,"153":10,"154":10,"157":9,"158":9,"161":9,"163":9,"165":9,"166":9,"167":24,"168":24,"169":24,"170":24,"176":9,"177":6,"178":6,"181":9,"193":7,"194":5,"195":4,"198":3,"200":3,"203":3,"210":4,"211":3,"212":3},"path":"/Users/sing/playground/cinch/contracts/v1/hardhat/contracts/revenueshare/GeneralRevenueShareLogic.sol","s":{"1":12,"2":14,"3":13,"4":12,"5":12,"6":5,"7":4,"8":3,"9":3,"10":10,"11":2,"12":2,"13":12,"14":11,"15":10,"16":10,"17":9,"18":9,"19":9,"20":9,"21":9,"22":24,"23":24,"24":9,"25":6,"26":9,"27":7,"28":5,"29":4,"30":3,"31":3,"32":4,"33":3},"b":{"1":[12,1],"2":[12,1],"3":[14,1],"4":[13,1],"5":[12,1],"6":[5,1],"7":[4,1],"8":[3,1],"9":[2,1],"10":[2,1],"11":[12,4],"12":[12,0],"13":[11,1],"14":[10,1],"15":[9,1],"16":[6,3],"17":[7,1],"18":[7,0],"19":[5,2],"20":[4,1],"21":[3,1],"22":[4,1],"23":[3,1]},"f":{"1":12,"2":12,"3":14,"4":5,"5":6,"6":10,"7":9,"8":2,"9":2,"10":12,"11":7,"12":4},"fnMap":{"1":{"name":"__GeneralRevenueShareLogic_init","line":56,"loc":{"start":{"line":56,"column":4},"end":{"line":58,"column":4}}},"2":{"name":"__GeneralRevenueShareLogic_init_unchained","line":60,"loc":{"start":{"line":60,"column":4},"end":{"line":62,"column":4}}},"3":{"name":"addRevenueShareReferral","line":69,"loc":{"start":{"line":69,"column":4},"end":{"line":74,"column":4}}},"4":{"name":"removeRevenueShareReferral","line":81,"loc":{"start":{"line":81,"column":4},"end":{"line":86,"column":4}}},"5":{"name":"getRevenueShareReferralSet","line":92,"loc":{"start":{"line":92,"column":4},"end":{"line":94,"column":4}}},"6":{"name":"_trackSharesInReferralAdded","line":102,"loc":{"start":{"line":102,"column":4},"end":{"line":107,"column":4}}},"7":{"name":"_trackSharesInReferralRemoved","line":115,"loc":{"start":{"line":115,"column":4},"end":{"line":119,"column":4}}},"8":{"name":"setTotalSharesByReferral","line":127,"loc":{"start":{"line":127,"column":4},"end":{"line":130,"column":4}}},"9":{"name":"setTotalSharesInReferral","line":137,"loc":{"start":{"line":137,"column":4},"end":{"line":140,"column":4}}},"10":{"name":"depositToRevenueShare","line":150,"loc":{"start":{"line":150,"column":4},"end":{"line":182,"column":4}}},"11":{"name":"withdrawFromRevenueShare","line":192,"loc":{"start":{"line":192,"column":4},"end":{"line":204,"column":4}}},"12":{"name":"setCinchPerformanceFeePercentage","line":209,"loc":{"start":{"line":209,"column":4},"end":{"line":213,"column":4}}}},"statementMap":{"1":{"start":{"line":57,"column":8},"end":{"line":57,"column":80}},"2":{"start":{"line":70,"column":8},"end":{"line":70,"column":55}},"3":{"start":{"line":71,"column":8},"end":{"line":71,"column":97}},"4":{"start":{"line":72,"column":8},"end":{"line":72,"column":34}},"5":{"start":{"line":73,"column":8},"end":{"line":73,"column":49}},"6":{"start":{"line":82,"column":8},"end":{"line":82,"column":55}},"7":{"start":{"line":83,"column":8},"end":{"line":83,"column":96}},"8":{"start":{"line":84,"column":8},"end":{"line":84,"column":37}},"9":{"start":{"line":85,"column":8},"end":{"line":85,"column":51}},"10":{"start":{"line":106,"column":8},"end":{"line":106,"column":52}},"11":{"start":{"line":129,"column":8},"end":{"line":129,"column":60}},"12":{"start":{"line":139,"column":8},"end":{"line":139,"column":50}},"13":{"start":{"line":151,"column":8},"end":{"line":151,"column":81}},"14":{"start":{"line":152,"column":8},"end":{"line":152,"column":42}},"15":{"start":{"line":153,"column":8},"end":{"line":153,"column":62}},"16":{"start":{"line":154,"column":8},"end":{"line":154,"column":101}},"17":{"start":{"line":157,"column":8},"end":{"line":157,"column":108}},"18":{"start":{"line":161,"column":8},"end":{"line":161,"column":122}},"19":{"start":{"line":163,"column":8},"end":{"line":163,"column":37}},"20":{"start":{"line":165,"column":8},"end":{"line":165,"column":58}},"21":{"start":{"line":166,"column":8},"end":{"line":166,"column":8398}},"22":{"start":{"line":167,"column":12},"end":{"line":167,"column":43}},"23":{"start":{"line":168,"column":12},"end":{"line":168,"column":155}},"24":{"start":{"line":176,"column":8},"end":{"line":176,"column":9042}},"25":{"start":{"line":177,"column":12},"end":{"line":177,"column":69}},"26":{"start":{"line":181,"column":8},"end":{"line":181,"column":64}},"27":{"start":{"line":193,"column":8},"end":{"line":193,"column":79}},"28":{"start":{"line":194,"column":8},"end":{"line":194,"column":42}},"29":{"start":{"line":195,"column":8},"end":{"line":195,"column":140}},"30":{"start":{"line":200,"column":8},"end":{"line":200,"column":76}},"31":{"start":{"line":203,"column":8},"end":{"line":203,"column":87}},"32":{"start":{"line":210,"column":8},"end":{"line":210,"column":86}},"33":{"start":{"line":212,"column":8},"end":{"line":212,"column":65}}},"branchMap":{"1":{"line":56,"type":"if","locations":[{"start":{"line":56,"column":94},"end":{"line":56,"column":94}},{"start":{"line":56,"column":94},"end":{"line":56,"column":94}}]},"2":{"line":60,"type":"if","locations":[{"start":{"line":60,"column":104},"end":{"line":60,"column":104}},{"start":{"line":60,"column":104},"end":{"line":60,"column":104}}]},"3":{"line":69,"type":"if","locations":[{"start":{"line":69,"column":73},"end":{"line":69,"column":73}},{"start":{"line":69,"column":73},"end":{"line":69,"column":73}}]},"4":{"line":70,"type":"if","locations":[{"start":{"line":70,"column":8},"end":{"line":70,"column":8}},{"start":{"line":70,"column":8},"end":{"line":70,"column":8}}]},"5":{"line":71,"type":"if","locations":[{"start":{"line":71,"column":8},"end":{"line":71,"column":8}},{"start":{"line":71,"column":8},"end":{"line":71,"column":8}}]},"6":{"line":81,"type":"if","locations":[{"start":{"line":81,"column":76},"end":{"line":81,"column":76}},{"start":{"line":81,"column":76},"end":{"line":81,"column":76}}]},"7":{"line":82,"type":"if","locations":[{"start":{"line":82,"column":8},"end":{"line":82,"column":8}},{"start":{"line":82,"column":8},"end":{"line":82,"column":8}}]},"8":{"line":83,"type":"if","locations":[{"start":{"line":83,"column":8},"end":{"line":83,"column":8}},{"start":{"line":83,"column":8},"end":{"line":83,"column":8}}]},"9":{"line":127,"type":"if","locations":[{"start":{"line":127,"column":90},"end":{"line":127,"column":90}},{"start":{"line":127,"column":90},"end":{"line":127,"column":90}}]},"10":{"line":137,"type":"if","locations":[{"start":{"line":137,"column":72},"end":{"line":137,"column":72}},{"start":{"line":137,"column":72},"end":{"line":137,"column":72}}]},"11":{"line":150,"type":"if","locations":[{"start":{"line":150,"column":106},"end":{"line":150,"column":106}},{"start":{"line":150,"column":106},"end":{"line":150,"column":106}}]},"12":{"line":150,"type":"if","locations":[{"start":{"line":150,"column":120},"end":{"line":150,"column":120}},{"start":{"line":150,"column":120},"end":{"line":150,"column":120}}]},"13":{"line":151,"type":"if","locations":[{"start":{"line":151,"column":8},"end":{"line":151,"column":8}},{"start":{"line":151,"column":8},"end":{"line":151,"column":8}}]},"14":{"line":152,"type":"if","locations":[{"start":{"line":152,"column":8},"end":{"line":152,"column":8}},{"start":{"line":152,"column":8},"end":{"line":152,"column":8}}]},"15":{"line":154,"type":"if","locations":[{"start":{"line":154,"column":8},"end":{"line":154,"column":8}},{"start":{"line":154,"column":8},"end":{"line":154,"column":8}}]},"16":{"line":176,"type":"if","locations":[{"start":{"line":176,"column":8},"end":{"line":176,"column":8}},{"start":{"line":176,"column":8},"end":{"line":176,"column":8}}]},"17":{"line":192,"type":"if","locations":[{"start":{"line":192,"column":107},"end":{"line":192,"column":107}},{"start":{"line":192,"column":107},"end":{"line":192,"column":107}}]},"18":{"line":192,"type":"if","locations":[{"start":{"line":192,"column":121},"end":{"line":192,"column":121}},{"start":{"line":192,"column":121},"end":{"line":192,"column":121}}]},"19":{"line":193,"type":"if","locations":[{"start":{"line":193,"column":8},"end":{"line":193,"column":8}},{"start":{"line":193,"column":8},"end":{"line":193,"column":8}}]},"20":{"line":194,"type":"if","locations":[{"start":{"line":194,"column":8},"end":{"line":194,"column":8}},{"start":{"line":194,"column":8},"end":{"line":194,"column":8}}]},"21":{"line":195,"type":"if","locations":[{"start":{"line":195,"column":8},"end":{"line":195,"column":8}},{"start":{"line":195,"column":8},"end":{"line":195,"column":8}}]},"22":{"line":209,"type":"if","locations":[{"start":{"line":209,"column":87},"end":{"line":209,"column":87}},{"start":{"line":209,"column":87},"end":{"line":209,"column":87}}]},"23":{"line":210,"type":"if","locations":[{"start":{"line":210,"column":8},"end":{"line":210,"column":8}},{"start":{"line":210,"column":8},"end":{"line":210,"column":8}}]}}},"contracts/revenueshare/GeneralYieldSourceAdapter.sol":{"l":{"34":12,"38":12,"39":12,"50":3,"51":3,"61":4,"68":3,"79":0,"90":2,"98":1,"106":1},"path":"/Users/sing/playground/cinch/contracts/v1/hardhat/contracts/revenueshare/GeneralYieldSourceAdapter.sol","s":{"1":12,"2":3,"3":3,"4":4,"5":3,"6":0,"7":2,"8":1,"9":1},"b":{"1":[12,1],"2":[12,1]},"f":{"1":12,"2":12,"3":3,"4":4,"5":3,"6":0,"7":2,"8":1,"9":1},"fnMap":{"1":{"name":"__GeneralYieldSourceAdapter_init","line":33,"loc":{"start":{"line":33,"column":4},"end":{"line":35,"column":4}}},"2":{"name":"__GeneralYieldSourceAdapter_init_unchained","line":37,"loc":{"start":{"line":37,"column":4},"end":{"line":40,"column":4}}},"3":{"name":"_depositToYieldSourceVault","line":49,"loc":{"start":{"line":49,"column":4},"end":{"line":52,"column":4}}},"4":{"name":"_redeemFromYieldSourceVault","line":60,"loc":{"start":{"line":60,"column":4},"end":{"line":62,"column":4}}},"5":{"name":"sharePriceOfYieldSource","line":67,"loc":{"start":{"line":67,"column":4},"end":{"line":69,"column":4}}},"6":{"name":"_convertAssetsToYieldSourceShares","line":78,"loc":{"start":{"line":78,"column":4},"end":{"line":80,"column":4}}},"7":{"name":"_convertYieldSourceSharesToAssets","line":89,"loc":{"start":{"line":89,"column":4},"end":{"line":91,"column":4}}},"8":{"name":"shareBalanceAtYieldSourceOf","line":97,"loc":{"start":{"line":97,"column":4},"end":{"line":99,"column":4}}},"9":{"name":"getYieldSourceVaultTotalShares","line":105,"loc":{"start":{"line":105,"column":4},"end":{"line":107,"column":4}}}},"statementMap":{"1":{"start":{"line":34,"column":8},"end":{"line":34,"column":89}},"2":{"start":{"line":50,"column":8},"end":{"line":50,"column":70}},"3":{"start":{"line":51,"column":8},"end":{"line":51,"column":85}},"4":{"start":{"line":61,"column":8},"end":{"line":61,"column":98}},"5":{"start":{"line":68,"column":8},"end":{"line":68,"column":66}},"6":{"start":{"line":79,"column":8},"end":{"line":79,"column":68}},"7":{"start":{"line":90,"column":8},"end":{"line":90,"column":68}},"8":{"start":{"line":98,"column":8},"end":{"line":98,"column":72}},"9":{"start":{"line":106,"column":8},"end":{"line":106,"column":67}}},"branchMap":{"1":{"line":33,"type":"if","locations":[{"start":{"line":33,"column":111},"end":{"line":33,"column":111}},{"start":{"line":33,"column":111},"end":{"line":33,"column":111}}]},"2":{"line":37,"type":"if","locations":[{"start":{"line":37,"column":121},"end":{"line":37,"column":121}},{"start":{"line":37,"column":121},"end":{"line":37,"column":121}}]}}},"contracts/revenueshare/interfaces/IYieldSourceContract.sol":{"l":{},"path":"/Users/sing/playground/cinch/contracts/v1/hardhat/contracts/revenueshare/interfaces/IYieldSourceContract.sol","s":{},"b":{},"f":{},"fnMap":{},"statementMap":{},"branchMap":{}},"contracts/revenueshare/interfaces/IYieldSourceDHedge.sol":{"l":{},"path":"/Users/sing/playground/cinch/contracts/v1/hardhat/contracts/revenueshare/interfaces/IYieldSourceDHedge.sol","s":{},"b":{},"f":{},"fnMap":{},"statementMap":{},"branchMap":{}},"contracts/revenueshare/interfaces/IYieldSourceRibbonEarn.sol":{"l":{},"path":"/Users/sing/playground/cinch/contracts/v1/hardhat/contracts/revenueshare/interfaces/IYieldSourceRibbonEarn.sol","s":{},"b":{},"f":{},"fnMap":{},"statementMap":{},"branchMap":{}},"contracts/revenueshare/mocks/MockAttacker.sol":{"l":{"9":1,"13":1,"17":1,"21":1,"25":1,"29":1,"36":1,"40":1,"41":1,"48":1},"path":"/Users/sing/playground/cinch/contracts/v1/hardhat/contracts/revenueshare/mocks/MockAttacker.sol","s":{"1":1,"2":1,"3":1,"4":1,"5":1,"6":1,"7":1,"8":1,"9":1,"10":1},"b":{},"f":{"1":1,"2":1,"3":1,"4":1,"5":1,"6":1,"7":1,"8":1,"9":1},"fnMap":{"1":{"name":"reInitGeneralRevenueShareLogic","line":8,"loc":{"start":{"line":8,"column":4},"end":{"line":10,"column":4}}},"2":{"name":"reInitGeneralRevenueShareLogicUnChained","line":12,"loc":{"start":{"line":12,"column":4},"end":{"line":14,"column":4}}},"3":{"name":"reInitGeneralYieldSourceAdapter","line":16,"loc":{"start":{"line":16,"column":4},"end":{"line":18,"column":4}}},"4":{"name":"reInitGeneralYieldSourceAdapterUnChained","line":20,"loc":{"start":{"line":20,"column":4},"end":{"line":22,"column":4}}},"5":{"name":"reInitDepositPausable","line":24,"loc":{"start":{"line":24,"column":4},"end":{"line":26,"column":4}}},"6":{"name":"reInitDepositPausableUnChained","line":28,"loc":{"start":{"line":28,"column":4},"end":{"line":30,"column":4}}},"7":{"name":"_depositToYieldSourceVault","line":35,"loc":{"start":{"line":35,"column":4},"end":{"line":37,"column":4}}},"8":{"name":"forceFakeDepositState","line":39,"loc":{"start":{"line":39,"column":4},"end":{"line":42,"column":4}}},"9":{"name":"_redeemFromYieldSourceVault","line":47,"loc":{"start":{"line":47,"column":4},"end":{"line":49,"column":4}}}},"statementMap":{"1":{"start":{"line":9,"column":8},"end":{"line":9,"column":41}},"2":{"start":{"line":13,"column":8},"end":{"line":13,"column":51}},"3":{"start":{"line":17,"column":8},"end":{"line":17,"column":77}},"4":{"start":{"line":21,"column":8},"end":{"line":21,"column":87}},"5":{"start":{"line":25,"column":8},"end":{"line":25,"column":31}},"6":{"start":{"line":29,"column":8},"end":{"line":29,"column":41}},"7":{"start":{"line":36,"column":8},"end":{"line":36,"column":59}},"8":{"start":{"line":40,"column":8},"end":{"line":40,"column":30}},"9":{"start":{"line":41,"column":8},"end":{"line":41,"column":62}},"10":{"start":{"line":48,"column":8},"end":{"line":48,"column":69}}},"branchMap":{}},"contracts/revenueshare/mocks/MockERC20.sol":{"l":{"10":19,"14":12},"path":"/Users/sing/playground/cinch/contracts/v1/hardhat/contracts/revenueshare/mocks/MockERC20.sol","s":{"1":19,"2":12},"b":{},"f":{"1":12,"2":19,"3":12},"fnMap":{"1":{"name":"constructor","line":7,"loc":{"start":{"line":7,"column":4},"end":{"line":7,"column":41}}},"2":{"name":"faucet","line":9,"loc":{"start":{"line":9,"column":4},"end":{"line":11,"column":4}}},"3":{"name":"decimals","line":13,"loc":{"start":{"line":13,"column":4},"end":{"line":15,"column":4}}}},"statementMap":{"1":{"start":{"line":10,"column":8},"end":{"line":10,"column":24}},"2":{"start":{"line":14,"column":8},"end":{"line":14,"column":16}}},"branchMap":{}},"contracts/revenueshare/mocks/MockProtocol.sol":{"l":{"12":3},"path":"/Users/sing/playground/cinch/contracts/v1/hardhat/contracts/revenueshare/mocks/MockProtocol.sol","s":{"1":3},"b":{},"f":{"1":3,"2":3},"fnMap":{"1":{"name":"constructor","line":9,"loc":{"start":{"line":9,"column":4},"end":{"line":9,"column":94}}},"2":{"name":"sharePrice","line":11,"loc":{"start":{"line":11,"column":4},"end":{"line":13,"column":4}}}},"statementMap":{"1":{"start":{"line":12,"column":8},"end":{"line":12,"column":16}}},"branchMap":{}},"contracts/revenueshare/mocks/MockProtocolDHedge.sol":{"l":{"12":7,"21":3,"22":3,"30":4},"path":"/Users/sing/playground/cinch/contracts/v1/hardhat/contracts/revenueshare/mocks/MockProtocolDHedge.sol","s":{"1":7,"2":3,"3":4},"b":{},"f":{"1":3,"2":7,"3":3,"4":4},"fnMap":{"1":{"name":"constructor","line":9,"loc":{"start":{"line":9,"column":4},"end":{"line":9,"column":106}}},"2":{"name":"tokenPrice","line":11,"loc":{"start":{"line":11,"column":4},"end":{"line":13,"column":4}}},"3":{"name":"depositFor","line":20,"loc":{"start":{"line":20,"column":4},"end":{"line":23,"column":4}}},"4":{"name":"withdrawTo","line":29,"loc":{"start":{"line":29,"column":4},"end":{"line":31,"column":4}}}},"statementMap":{"1":{"start":{"line":12,"column":8},"end":{"line":12,"column":16}},"2":{"start":{"line":21,"column":8},"end":{"line":21,"column":59}},"3":{"start":{"line":30,"column":8},"end":{"line":30,"column":92}}},"branchMap":{}},"contracts/revenueshare/mocks/MockProtocolDHedgeSwapper.sol":{"l":{"13":4,"14":4},"path":"/Users/sing/playground/cinch/contracts/v1/hardhat/contracts/revenueshare/mocks/MockProtocolDHedgeSwapper.sol","s":{"1":4,"2":4},"b":{},"f":{"1":4},"fnMap":{"1":{"name":"withdraw","line":12,"loc":{"start":{"line":12,"column":4},"end":{"line":15,"column":4}}}},"statementMap":{"1":{"start":{"line":13,"column":8},"end":{"line":13,"column":80}},"2":{"start":{"line":14,"column":8},"end":{"line":14,"column":71}}},"branchMap":{}},"contracts/revenueshare/mocks/MockProtocolRibbonEarn.sol":{"l":{"19":3,"28":14,"35":3,"42":1,"49":2},"path":"/Users/sing/playground/cinch/contracts/v1/hardhat/contracts/revenueshare/mocks/MockProtocolRibbonEarn.sol","s":{"1":3,"2":14,"3":3,"4":1,"5":2},"b":{},"f":{"1":3,"2":3,"3":14,"4":3,"5":1,"6":2},"fnMap":{"1":{"name":"constructor","line":9,"loc":{"start":{"line":9,"column":4},"end":{"line":9,"column":114}}},"2":{"name":"depositFor","line":18,"loc":{"start":{"line":18,"column":4},"end":{"line":20,"column":4}}},"3":{"name":"shares","line":27,"loc":{"start":{"line":27,"column":4},"end":{"line":29,"column":4}}},"4":{"name":"pricePerShare","line":34,"loc":{"start":{"line":34,"column":4},"end":{"line":36,"column":4}}},"5":{"name":"_convertToShares","line":41,"loc":{"start":{"line":41,"column":4},"end":{"line":43,"column":4}}},"6":{"name":"_convertToAssets","line":48,"loc":{"start":{"line":48,"column":4},"end":{"line":50,"column":4}}}},"statementMap":{"1":{"start":{"line":19,"column":8},"end":{"line":19,"column":55}},"2":{"start":{"line":28,"column":8},"end":{"line":28,"column":33}},"3":{"start":{"line":35,"column":8},"end":{"line":35,"column":16}},"4":{"start":{"line":42,"column":8},"end":{"line":42,"column":21}},"5":{"start":{"line":49,"column":8},"end":{"line":49,"column":22}}},"branchMap":{}},"contracts/revenueshare/RevenueShareVault.sol":{"l":{"49":12,"50":12,"51":12,"52":12,"53":12,"54":12,"55":12,"70":7,"85":18,"86":17,"87":16,"90":16,"93":10,"96":9,"97":9,"98":9,"99":9,"101":9,"106":11,"113":8,"114":2,"123":6,"124":6,"126":6,"137":1,"149":6,"165":12,"166":11,"167":11,"168":10,"171":9,"173":9,"174":8,"175":6,"176":6,"198":2,"199":2,"206":16,"254":3,"266":7,"274":7},"path":"/Users/sing/playground/cinch/contracts/v1/hardhat/contracts/revenueshare/RevenueShareVault.sol","s":{"1":12,"2":12,"3":12,"4":12,"5":12,"6":12,"7":7,"8":18,"9":17,"10":16,"11":16,"12":10,"13":9,"14":9,"15":9,"16":9,"17":11,"18":8,"19":2,"20":6,"21":6,"22":6,"23":1,"24":6,"25":12,"26":11,"27":11,"28":10,"29":9,"30":9,"31":8,"32":6,"33":6,"34":2,"35":2,"36":16,"37":3,"38":7,"39":7},"b":{"1":[12,1],"2":[22,2],"3":[19,3],"4":[18,1],"5":[17,1],"6":[16,1],"7":[16,0],"8":[2,6],"9":[0,1],"10":[13,1],"11":[12,1],"12":[11,1],"13":[11,0],"14":[10,1],"15":[9,1],"16":[7,3],"17":[7,1]},"f":{"1":12,"2":7,"3":18,"4":11,"5":8,"6":1,"7":6,"8":12,"9":2,"10":16,"11":3,"12":7,"13":7},"fnMap":{"1":{"name":"initialize","line":48,"loc":{"start":{"line":48,"column":4},"end":{"line":56,"column":4}}},"2":{"name":"deposit","line":69,"loc":{"start":{"line":69,"column":4},"end":{"line":71,"column":4}}},"3":{"name":"depositWithReferral","line":84,"loc":{"start":{"line":84,"column":4},"end":{"line":102,"column":4}}},"4":{"name":"maxRedeem","line":105,"loc":{"start":{"line":105,"column":4},"end":{"line":107,"column":4}}},"5":{"name":"_withdraw","line":112,"loc":{"start":{"line":112,"column":4},"end":{"line":127,"column":4}}},"6":{"name":"mint","line":136,"loc":{"start":{"line":136,"column":4},"end":{"line":138,"column":4}}},"7":{"name":"redeem","line":148,"loc":{"start":{"line":148,"column":4},"end":{"line":150,"column":4}}},"8":{"name":"redeemWithReferral","line":164,"loc":{"start":{"line":164,"column":4},"end":{"line":177,"column":4}}},"9":{"name":"totalAssets","line":197,"loc":{"start":{"line":197,"column":4},"end":{"line":200,"column":4}}},"10":{"name":"maxDeposit","line":205,"loc":{"start":{"line":205,"column":4},"end":{"line":207,"column":4}}},"11":{"name":"assetBalanceAtYieldSourceOf","line":253,"loc":{"start":{"line":253,"column":4},"end":{"line":255,"column":4}}},"12":{"name":"pause","line":265,"loc":{"start":{"line":265,"column":4},"end":{"line":267,"column":4}}},"13":{"name":"unpause","line":273,"loc":{"start":{"line":273,"column":4},"end":{"line":275,"column":4}}}},"statementMap":{"1":{"start":{"line":49,"column":8},"end":{"line":49,"column":23}},"2":{"start":{"line":50,"column":8},"end":{"line":50,"column":24}},"3":{"start":{"line":51,"column":8},"end":{"line":51,"column":31}},"4":{"start":{"line":52,"column":8},"end":{"line":52,"column":35}},"5":{"start":{"line":53,"column":8},"end":{"line":53,"column":79}},"6":{"start":{"line":54,"column":8},"end":{"line":54,"column":70}},"7":{"start":{"line":70,"column":8},"end":{"line":70,"column":62}},"8":{"start":{"line":85,"column":8},"end":{"line":85,"column":41}},"9":{"start":{"line":86,"column":8},"end":{"line":86,"column":80}},"10":{"start":{"line":87,"column":8},"end":{"line":87,"column":89}},"11":{"start":{"line":90,"column":8},"end":{"line":90,"column":107}},"12":{"start":{"line":93,"column":8},"end":{"line":93,"column":66}},"13":{"start":{"line":96,"column":8},"end":{"line":96,"column":30}},"14":{"start":{"line":97,"column":8},"end":{"line":97,"column":62}},"15":{"start":{"line":99,"column":8},"end":{"line":99,"column":82}},"16":{"start":{"line":101,"column":8},"end":{"line":101,"column":21}},"17":{"start":{"line":106,"column":8},"end":{"line":106,"column":38}},"18":{"start":{"line":113,"column":8},"end":{"line":113,"column":5528}},"19":{"start":{"line":114,"column":12},"end":{"line":114,"column":56}},"20":{"start":{"line":123,"column":8},"end":{"line":123,"column":34}},"21":{"start":{"line":124,"column":8},"end":{"line":124,"column":84}},"22":{"start":{"line":126,"column":8},"end":{"line":126,"column":69}},"23":{"start":{"line":137,"column":8},"end":{"line":137,"column":57}},"24":{"start":{"line":149,"column":8},"end":{"line":149,"column":77}},"25":{"start":{"line":165,"column":8},"end":{"line":165,"column":41}},"26":{"start":{"line":166,"column":8},"end":{"line":166,"column":80}},"27":{"start":{"line":167,"column":8},"end":{"line":167,"column":90}},"28":{"start":{"line":168,"column":8},"end":{"line":168,"column":128}},"29":{"start":{"line":171,"column":8},"end":{"line":171,"column":67}},"30":{"start":{"line":173,"column":8},"end":{"line":173,"column":60}},"31":{"start":{"line":174,"column":8},"end":{"line":174,"column":69}},"32":{"start":{"line":175,"column":8},"end":{"line":175,"column":94}},"33":{"start":{"line":176,"column":8},"end":{"line":176,"column":21}},"34":{"start":{"line":198,"column":8},"end":{"line":198,"column":67}},"35":{"start":{"line":199,"column":8},"end":{"line":199,"column":87}},"36":{"start":{"line":206,"column":8},"end":{"line":206,"column":32}},"37":{"start":{"line":254,"column":8},"end":{"line":254,"column":125}},"38":{"start":{"line":266,"column":8},"end":{"line":266,"column":15}},"39":{"start":{"line":274,"column":8},"end":{"line":274,"column":17}}},"branchMap":{"1":{"line":48,"type":"if","locations":[{"start":{"line":48,"column":191},"end":{"line":48,"column":191}},{"start":{"line":48,"column":191},"end":{"line":48,"column":191}}]},"2":{"line":84,"type":"if","locations":[{"start":{"line":84,"column":100},"end":{"line":84,"column":100}},{"start":{"line":84,"column":100},"end":{"line":84,"column":100}}]},"3":{"line":84,"type":"if","locations":[{"start":{"line":84,"column":114},"end":{"line":84,"column":114}},{"start":{"line":84,"column":114},"end":{"line":84,"column":114}}]},"4":{"line":84,"type":"if","locations":[{"start":{"line":84,"column":135},"end":{"line":84,"column":135}},{"start":{"line":84,"column":135},"end":{"line":84,"column":135}}]},"5":{"line":85,"type":"if","locations":[{"start":{"line":85,"column":8},"end":{"line":85,"column":8}},{"start":{"line":85,"column":8},"end":{"line":85,"column":8}}]},"6":{"line":86,"type":"if","locations":[{"start":{"line":86,"column":8},"end":{"line":86,"column":8}},{"start":{"line":86,"column":8},"end":{"line":86,"column":8}}]},"7":{"line":87,"type":"if","locations":[{"start":{"line":87,"column":8},"end":{"line":87,"column":8}},{"start":{"line":87,"column":8},"end":{"line":87,"column":8}}]},"8":{"line":113,"type":"if","locations":[{"start":{"line":113,"column":8},"end":{"line":113,"column":8}},{"start":{"line":113,"column":8},"end":{"line":113,"column":8}}]},"9":{"line":137,"type":"if","locations":[{"start":{"line":137,"column":8},"end":{"line":137,"column":8}},{"start":{"line":137,"column":8},"end":{"line":137,"column":8}}]},"10":{"line":164,"type":"if","locations":[{"start":{"line":164,"column":120},"end":{"line":164,"column":120}},{"start":{"line":164,"column":120},"end":{"line":164,"column":120}}]},"11":{"line":164,"type":"if","locations":[{"start":{"line":164,"column":134},"end":{"line":164,"column":134}},{"start":{"line":164,"column":134},"end":{"line":164,"column":134}}]},"12":{"line":165,"type":"if","locations":[{"start":{"line":165,"column":8},"end":{"line":165,"column":8}},{"start":{"line":165,"column":8},"end":{"line":165,"column":8}}]},"13":{"line":166,"type":"if","locations":[{"start":{"line":166,"column":8},"end":{"line":166,"column":8}},{"start":{"line":166,"column":8},"end":{"line":166,"column":8}}]},"14":{"line":167,"type":"if","locations":[{"start":{"line":167,"column":8},"end":{"line":167,"column":8}},{"start":{"line":167,"column":8},"end":{"line":167,"column":8}}]},"15":{"line":168,"type":"if","locations":[{"start":{"line":168,"column":8},"end":{"line":168,"column":8}},{"start":{"line":168,"column":8},"end":{"line":168,"column":8}}]},"16":{"line":265,"type":"if","locations":[{"start":{"line":265,"column":30},"end":{"line":265,"column":30}},{"start":{"line":265,"column":30},"end":{"line":265,"column":30}}]},"17":{"line":273,"type":"if","locations":[{"start":{"line":273,"column":32},"end":{"line":273,"column":32}},{"start":{"line":273,"column":32},"end":{"line":273,"column":32}}]}}},"contracts/revenueshare/RevenueShareVaultDHedge.sol":{"l":{"22":3,"23":3,"33":4,"34":4,"35":4,"37":4,"38":4,"39":4,"46":7,"57":0,"68":6,"76":1,"84":1},"path":"/Users/sing/playground/cinch/contracts/v1/hardhat/contracts/revenueshare/RevenueShareVaultDHedge.sol","s":{"1":3,"2":3,"3":4,"4":4,"5":4,"6":4,"7":4,"8":4,"9":7,"10":0,"11":6,"12":1,"13":1},"b":{},"f":{"1":3,"2":4,"3":7,"4":0,"5":6,"6":1,"7":1},"fnMap":{"1":{"name":"_depositToYieldSourceVault","line":21,"loc":{"start":{"line":21,"column":4},"end":{"line":24,"column":4}}},"2":{"name":"_redeemFromYieldSourceVault","line":32,"loc":{"start":{"line":32,"column":4},"end":{"line":40,"column":4}}},"3":{"name":"sharePriceOfYieldSource","line":45,"loc":{"start":{"line":45,"column":4},"end":{"line":47,"column":4}}},"4":{"name":"_convertAssetsToYieldSourceShares","line":56,"loc":{"start":{"line":56,"column":4},"end":{"line":58,"column":4}}},"5":{"name":"_convertYieldSourceSharesToAssets","line":67,"loc":{"start":{"line":67,"column":4},"end":{"line":69,"column":4}}},"6":{"name":"shareBalanceAtYieldSourceOf","line":75,"loc":{"start":{"line":75,"column":4},"end":{"line":77,"column":4}}},"7":{"name":"getYieldSourceVaultTotalShares","line":83,"loc":{"start":{"line":83,"column":4},"end":{"line":85,"column":4}}}},"statementMap":{"1":{"start":{"line":22,"column":8},"end":{"line":22,"column":70}},"2":{"start":{"line":23,"column":8},"end":{"line":23,"column":94}},"3":{"start":{"line":33,"column":8},"end":{"line":33,"column":108}},"4":{"start":{"line":34,"column":8},"end":{"line":34,"column":81}},"5":{"start":{"line":35,"column":9},"end":{"line":35,"column":82}},"6":{"start":{"line":37,"column":8},"end":{"line":37,"column":121}},"7":{"start":{"line":38,"column":8},"end":{"line":38,"column":81}},"8":{"start":{"line":39,"column":8},"end":{"line":39,"column":44}},"9":{"start":{"line":46,"column":8},"end":{"line":46,"column":64}},"10":{"start":{"line":57,"column":8},"end":{"line":57,"column":68}},"11":{"start":{"line":68,"column":8},"end":{"line":68,"column":68}},"12":{"start":{"line":76,"column":8},"end":{"line":76,"column":70}},"13":{"start":{"line":84,"column":8},"end":{"line":84,"column":65}}},"branchMap":{}},"contracts/revenueshare/RevenueShareVaultRibbonEarn.sol":{"l":{"24":3,"25":3,"26":3,"27":3,"28":3,"43":1,"50":3,"61":0,"72":2,"80":8,"88":1,"96":1,"104":2,"105":2,"106":3,"107":3,"108":3,"109":3,"110":3,"120":2,"121":2,"122":2,"123":2,"124":4,"125":4,"126":4,"127":4,"128":4,"129":4,"131":4,"132":4,"134":2,"135":2},"path":"/Users/sing/playground/cinch/contracts/v1/hardhat/contracts/revenueshare/RevenueShareVaultRibbonEarn.sol","s":{"1":3,"2":3,"3":3,"4":3,"5":3,"6":1,"7":3,"8":0,"9":2,"10":8,"11":1,"12":1,"13":2,"14":2,"15":3,"16":3,"17":3,"18":3,"19":2,"20":2,"21":2,"22":2,"23":4,"24":4,"25":4,"26":4,"27":2},"b":{"1":[0,1],"2":[2,1]},"f":{"1":3,"2":1,"3":3,"4":0,"5":2,"6":8,"7":1,"8":1,"9":2,"10":2},"fnMap":{"1":{"name":"_depositToYieldSourceVault","line":23,"loc":{"start":{"line":23,"column":4},"end":{"line":29,"column":4}}},"2":{"name":"redeemWithReferral","line":42,"loc":{"start":{"line":42,"column":4},"end":{"line":44,"column":4}}},"3":{"name":"sharePriceOfYieldSource","line":49,"loc":{"start":{"line":49,"column":4},"end":{"line":51,"column":4}}},"4":{"name":"_convertAssetsToYieldSourceShares","line":60,"loc":{"start":{"line":60,"column":4},"end":{"line":62,"column":4}}},"5":{"name":"_convertYieldSourceSharesToAssets","line":71,"loc":{"start":{"line":71,"column":4},"end":{"line":73,"column":4}}},"6":{"name":"shareBalanceAtYieldSourceOf","line":79,"loc":{"start":{"line":79,"column":4},"end":{"line":81,"column":4}}},"7":{"name":"getYieldSourceVaultTotalShares","line":87,"loc":{"start":{"line":87,"column":4},"end":{"line":89,"column":4}}},"8":{"name":"totalAssets","line":95,"loc":{"start":{"line":95,"column":4},"end":{"line":97,"column":4}}},"9":{"name":"totalShareBalanceAtYieldSourceInReferralSet","line":103,"loc":{"start":{"line":103,"column":4},"end":{"line":113,"column":4}}},"10":{"name":"setTotalSharesInReferralAccordingToYieldSource","line":119,"loc":{"start":{"line":119,"column":4},"end":{"line":136,"column":4}}}},"statementMap":{"1":{"start":{"line":24,"column":8},"end":{"line":24,"column":70}},"2":{"start":{"line":25,"column":8},"end":{"line":25,"column":87}},"3":{"start":{"line":26,"column":8},"end":{"line":26,"column":81}},"4":{"start":{"line":27,"column":8},"end":{"line":27,"column":87}},"5":{"start":{"line":28,"column":8},"end":{"line":28,"column":32}},"6":{"start":{"line":43,"column":8},"end":{"line":43,"column":67}},"7":{"start":{"line":50,"column":8},"end":{"line":50,"column":71}},"8":{"start":{"line":61,"column":8},"end":{"line":61,"column":68}},"9":{"start":{"line":72,"column":8},"end":{"line":72,"column":68}},"10":{"start":{"line":80,"column":8},"end":{"line":80,"column":71}},"11":{"start":{"line":88,"column":8},"end":{"line":88,"column":69}},"12":{"start":{"line":96,"column":8},"end":{"line":96,"column":102}},"13":{"start":{"line":104,"column":8},"end":{"line":104,"column":58}},"14":{"start":{"line":105,"column":8},"end":{"line":105,"column":5398}},"15":{"start":{"line":106,"column":12},"end":{"line":106,"column":43}},"16":{"start":{"line":107,"column":12},"end":{"line":107,"column":74}},"17":{"start":{"line":108,"column":12},"end":{"line":108,"column":5584}},"18":{"start":{"line":109,"column":16},"end":{"line":109,"column":39}},"19":{"start":{"line":120,"column":8},"end":{"line":120,"column":38}},"20":{"start":{"line":121,"column":8},"end":{"line":121,"column":42}},"21":{"start":{"line":122,"column":8},"end":{"line":122,"column":58}},"22":{"start":{"line":123,"column":8},"end":{"line":123,"column":6211}},"23":{"start":{"line":125,"column":12},"end":{"line":125,"column":43}},"24":{"start":{"line":126,"column":12},"end":{"line":126,"column":74}},"25":{"start":{"line":127,"column":12},"end":{"line":127,"column":6437}},"26":{"start":{"line":128,"column":16},"end":{"line":128,"column":39}},"27":{"start":{"line":135,"column":8},"end":{"line":135,"column":65}}},"branchMap":{"1":{"line":43,"type":"if","locations":[{"start":{"line":43,"column":8},"end":{"line":43,"column":8}},{"start":{"line":43,"column":8},"end":{"line":43,"column":8}}]},"2":{"line":119,"type":"if","locations":[{"start":{"line":119,"column":71},"end":{"line":119,"column":71}},{"start":{"line":119,"column":71},"end":{"line":119,"column":71}}]}}},"contracts/revenueshare/security/DepositPausableUpgradeable.sol":{"l":{"36":12,"40":12,"51":29,"52":25,"63":5,"64":4,"71":34,"78":29,"85":5,"96":3,"97":3,"108":3,"109":3},"path":"/Users/sing/playground/cinch/contracts/v1/hardhat/contracts/revenueshare/security/DepositPausableUpgradeable.sol","s":{"1":12,"2":29,"3":5,"4":34,"5":29,"6":5,"7":3,"8":3},"b":{"1":[12,1],"2":[12,1],"3":[25,4],"4":[4,1],"5":[6,1],"6":[3,3],"7":[4,1],"8":[3,1]},"f":{"1":12,"2":12,"3":29,"4":5,"5":34,"6":29,"7":5,"8":3,"9":3},"fnMap":{"1":{"name":"__DepositPausable_init","line":35,"loc":{"start":{"line":35,"column":4},"end":{"line":37,"column":4}}},"2":{"name":"__DepositPausable_init_unchained","line":39,"loc":{"start":{"line":39,"column":4},"end":{"line":41,"column":4}}},"3":{"name":"whenDepositNotPaused","line":50,"loc":{"start":{"line":50,"column":4},"end":{"line":53,"column":4}}},"4":{"name":"whenDepositPaused","line":62,"loc":{"start":{"line":62,"column":4},"end":{"line":65,"column":4}}},"5":{"name":"depositPaused","line":70,"loc":{"start":{"line":70,"column":4},"end":{"line":72,"column":4}}},"6":{"name":"_requireDepositNotPaused","line":77,"loc":{"start":{"line":77,"column":4},"end":{"line":79,"column":4}}},"7":{"name":"_requireDepositPaused","line":84,"loc":{"start":{"line":84,"column":4},"end":{"line":86,"column":4}}},"8":{"name":"pauseDeposit","line":95,"loc":{"start":{"line":95,"column":4},"end":{"line":98,"column":4}}},"9":{"name":"unpauseDeposit","line":107,"loc":{"start":{"line":107,"column":4},"end":{"line":110,"column":4}}}},"statementMap":{"1":{"start":{"line":36,"column":8},"end":{"line":36,"column":41}},"2":{"start":{"line":51,"column":8},"end":{"line":51,"column":33}},"3":{"start":{"line":63,"column":8},"end":{"line":63,"column":30}},"4":{"start":{"line":71,"column":8},"end":{"line":71,"column":29}},"5":{"start":{"line":78,"column":8},"end":{"line":78,"column":59}},"6":{"start":{"line":85,"column":8},"end":{"line":85,"column":60}},"7":{"start":{"line":97,"column":8},"end":{"line":97,"column":40}},"8":{"start":{"line":109,"column":8},"end":{"line":109,"column":42}}},"branchMap":{"1":{"line":35,"type":"if","locations":[{"start":{"line":35,"column":47},"end":{"line":35,"column":47}},{"start":{"line":35,"column":47},"end":{"line":35,"column":47}}]},"2":{"line":39,"type":"if","locations":[{"start":{"line":39,"column":57},"end":{"line":39,"column":57}},{"start":{"line":39,"column":57},"end":{"line":39,"column":57}}]},"3":{"line":78,"type":"if","locations":[{"start":{"line":78,"column":8},"end":{"line":78,"column":8}},{"start":{"line":78,"column":8},"end":{"line":78,"column":8}}]},"4":{"line":85,"type":"if","locations":[{"start":{"line":85,"column":8},"end":{"line":85,"column":8}},{"start":{"line":85,"column":8},"end":{"line":85,"column":8}}]},"5":{"line":95,"type":"if","locations":[{"start":{"line":95,"column":45},"end":{"line":95,"column":45}},{"start":{"line":95,"column":45},"end":{"line":95,"column":45}}]},"6":{"line":95,"type":"if","locations":[{"start":{"line":95,"column":66},"end":{"line":95,"column":66}},{"start":{"line":95,"column":66},"end":{"line":95,"column":66}}]},"7":{"line":107,"type":"if","locations":[{"start":{"line":107,"column":47},"end":{"line":107,"column":47}},{"start":{"line":107,"column":47},"end":{"line":107,"column":47}}]},"8":{"line":107,"type":"if","locations":[{"start":{"line":107,"column":65},"end":{"line":107,"column":65}},{"start":{"line":107,"column":65},"end":{"line":107,"column":65}}]}}}}