{"contracts/revenueshare/GeneralRevenueShareLogic.sol":{"l":{"55":12,"59":12,"68":14,"69":13,"70":12,"71":12,"80":5,"81":4,"82":3,"83":3,"91":6,"101":10,"102":10,"103":10,"104":10,"114":9,"115":9,"116":9,"125":0,"126":0,"138":12,"139":11,"140":10,"141":10,"144":9,"145":9,"148":9,"150":9,"152":9,"153":9,"154":24,"155":24,"156":24,"157":24,"163":9,"164":6,"165":6,"168":9,"180":7,"181":5,"182":4,"185":3,"187":3,"190":3,"197":4,"198":3,"199":3},"path":"/Users/sing/playground/cinch/contracts/v1/hardhat/contracts/revenueshare/GeneralRevenueShareLogic.sol","s":{"1":12,"2":14,"3":13,"4":12,"5":12,"6":5,"7":4,"8":3,"9":3,"10":10,"11":0,"12":12,"13":11,"14":10,"15":10,"16":9,"17":9,"18":9,"19":9,"20":9,"21":24,"22":24,"23":9,"24":6,"25":9,"26":7,"27":5,"28":4,"29":3,"30":3,"31":4,"32":3},"b":{"1":[12,1],"2":[12,1],"3":[14,1],"4":[13,1],"5":[12,1],"6":[5,1],"7":[4,1],"8":[3,1],"9":[0,0],"10":[12,4],"11":[12,0],"12":[11,1],"13":[10,1],"14":[9,1],"15":[6,3],"16":[7,1],"17":[7,0],"18":[5,2],"19":[4,1],"20":[3,1],"21":[4,1],"22":[3,1]},"f":{"1":12,"2":12,"3":14,"4":5,"5":6,"6":10,"7":9,"8":0,"9":12,"10":7,"11":4},"fnMap":{"1":{"name":"__GeneralRevenueShareLogic_init","line":54,"loc":{"start":{"line":54,"column":4},"end":{"line":56,"column":4}}},"2":{"name":"__GeneralRevenueShareLogic_init_unchained","line":58,"loc":{"start":{"line":58,"column":4},"end":{"line":60,"column":4}}},"3":{"name":"addRevenueShareReferral","line":67,"loc":{"start":{"line":67,"column":4},"end":{"line":72,"column":4}}},"4":{"name":"removeRevenueShareReferral","line":79,"loc":{"start":{"line":79,"column":4},"end":{"line":84,"column":4}}},"5":{"name":"getRevenueShareReferralSet","line":90,"loc":{"start":{"line":90,"column":4},"end":{"line":92,"column":4}}},"6":{"name":"_trackSharesInReferralAdded","line":100,"loc":{"start":{"line":100,"column":4},"end":{"line":105,"column":4}}},"7":{"name":"_trackSharesInReferralRemoved","line":113,"loc":{"start":{"line":113,"column":4},"end":{"line":117,"column":4}}},"8":{"name":"setTotalSharesInReferral","line":124,"loc":{"start":{"line":124,"column":4},"end":{"line":127,"column":4}}},"9":{"name":"depositToRevenueShare","line":137,"loc":{"start":{"line":137,"column":4},"end":{"line":169,"column":4}}},"10":{"name":"withdrawFromRevenueShare","line":179,"loc":{"start":{"line":179,"column":4},"end":{"line":191,"column":4}}},"11":{"name":"setCinchPerformanceFeePercentage","line":196,"loc":{"start":{"line":196,"column":4},"end":{"line":200,"column":4}}}},"statementMap":{"1":{"start":{"line":55,"column":8},"end":{"line":55,"column":80}},"2":{"start":{"line":68,"column":8},"end":{"line":68,"column":55}},"3":{"start":{"line":69,"column":8},"end":{"line":69,"column":97}},"4":{"start":{"line":70,"column":8},"end":{"line":70,"column":34}},"5":{"start":{"line":71,"column":8},"end":{"line":71,"column":49}},"6":{"start":{"line":80,"column":8},"end":{"line":80,"column":55}},"7":{"start":{"line":81,"column":8},"end":{"line":81,"column":96}},"8":{"start":{"line":82,"column":8},"end":{"line":82,"column":37}},"9":{"start":{"line":83,"column":8},"end":{"line":83,"column":51}},"10":{"start":{"line":104,"column":8},"end":{"line":104,"column":52}},"11":{"start":{"line":126,"column":8},"end":{"line":126,"column":50}},"12":{"start":{"line":138,"column":8},"end":{"line":138,"column":81}},"13":{"start":{"line":139,"column":8},"end":{"line":139,"column":42}},"14":{"start":{"line":140,"column":8},"end":{"line":140,"column":62}},"15":{"start":{"line":141,"column":8},"end":{"line":141,"column":101}},"16":{"start":{"line":144,"column":8},"end":{"line":144,"column":108}},"17":{"start":{"line":148,"column":8},"end":{"line":148,"column":122}},"18":{"start":{"line":150,"column":8},"end":{"line":150,"column":37}},"19":{"start":{"line":152,"column":8},"end":{"line":152,"column":58}},"20":{"start":{"line":153,"column":8},"end":{"line":153,"column":7707}},"21":{"start":{"line":154,"column":12},"end":{"line":154,"column":43}},"22":{"start":{"line":155,"column":12},"end":{"line":155,"column":155}},"23":{"start":{"line":163,"column":8},"end":{"line":163,"column":8351}},"24":{"start":{"line":164,"column":12},"end":{"line":164,"column":69}},"25":{"start":{"line":168,"column":8},"end":{"line":168,"column":64}},"26":{"start":{"line":180,"column":8},"end":{"line":180,"column":79}},"27":{"start":{"line":181,"column":8},"end":{"line":181,"column":42}},"28":{"start":{"line":182,"column":8},"end":{"line":182,"column":140}},"29":{"start":{"line":187,"column":8},"end":{"line":187,"column":76}},"30":{"start":{"line":190,"column":8},"end":{"line":190,"column":87}},"31":{"start":{"line":197,"column":8},"end":{"line":197,"column":86}},"32":{"start":{"line":199,"column":8},"end":{"line":199,"column":65}}},"branchMap":{"1":{"line":54,"type":"if","locations":[{"start":{"line":54,"column":94},"end":{"line":54,"column":94}},{"start":{"line":54,"column":94},"end":{"line":54,"column":94}}]},"2":{"line":58,"type":"if","locations":[{"start":{"line":58,"column":104},"end":{"line":58,"column":104}},{"start":{"line":58,"column":104},"end":{"line":58,"column":104}}]},"3":{"line":67,"type":"if","locations":[{"start":{"line":67,"column":73},"end":{"line":67,"column":73}},{"start":{"line":67,"column":73},"end":{"line":67,"column":73}}]},"4":{"line":68,"type":"if","locations":[{"start":{"line":68,"column":8},"end":{"line":68,"column":8}},{"start":{"line":68,"column":8},"end":{"line":68,"column":8}}]},"5":{"line":69,"type":"if","locations":[{"start":{"line":69,"column":8},"end":{"line":69,"column":8}},{"start":{"line":69,"column":8},"end":{"line":69,"column":8}}]},"6":{"line":79,"type":"if","locations":[{"start":{"line":79,"column":76},"end":{"line":79,"column":76}},{"start":{"line":79,"column":76},"end":{"line":79,"column":76}}]},"7":{"line":80,"type":"if","locations":[{"start":{"line":80,"column":8},"end":{"line":80,"column":8}},{"start":{"line":80,"column":8},"end":{"line":80,"column":8}}]},"8":{"line":81,"type":"if","locations":[{"start":{"line":81,"column":8},"end":{"line":81,"column":8}},{"start":{"line":81,"column":8},"end":{"line":81,"column":8}}]},"9":{"line":124,"type":"if","locations":[{"start":{"line":124,"column":72},"end":{"line":124,"column":72}},{"start":{"line":124,"column":72},"end":{"line":124,"column":72}}]},"10":{"line":137,"type":"if","locations":[{"start":{"line":137,"column":106},"end":{"line":137,"column":106}},{"start":{"line":137,"column":106},"end":{"line":137,"column":106}}]},"11":{"line":137,"type":"if","locations":[{"start":{"line":137,"column":120},"end":{"line":137,"column":120}},{"start":{"line":137,"column":120},"end":{"line":137,"column":120}}]},"12":{"line":138,"type":"if","locations":[{"start":{"line":138,"column":8},"end":{"line":138,"column":8}},{"start":{"line":138,"column":8},"end":{"line":138,"column":8}}]},"13":{"line":139,"type":"if","locations":[{"start":{"line":139,"column":8},"end":{"line":139,"column":8}},{"start":{"line":139,"column":8},"end":{"line":139,"column":8}}]},"14":{"line":141,"type":"if","locations":[{"start":{"line":141,"column":8},"end":{"line":141,"column":8}},{"start":{"line":141,"column":8},"end":{"line":141,"column":8}}]},"15":{"line":163,"type":"if","locations":[{"start":{"line":163,"column":8},"end":{"line":163,"column":8}},{"start":{"line":163,"column":8},"end":{"line":163,"column":8}}]},"16":{"line":179,"type":"if","locations":[{"start":{"line":179,"column":107},"end":{"line":179,"column":107}},{"start":{"line":179,"column":107},"end":{"line":179,"column":107}}]},"17":{"line":179,"type":"if","locations":[{"start":{"line":179,"column":121},"end":{"line":179,"column":121}},{"start":{"line":179,"column":121},"end":{"line":179,"column":121}}]},"18":{"line":180,"type":"if","locations":[{"start":{"line":180,"column":8},"end":{"line":180,"column":8}},{"start":{"line":180,"column":8},"end":{"line":180,"column":8}}]},"19":{"line":181,"type":"if","locations":[{"start":{"line":181,"column":8},"end":{"line":181,"column":8}},{"start":{"line":181,"column":8},"end":{"line":181,"column":8}}]},"20":{"line":182,"type":"if","locations":[{"start":{"line":182,"column":8},"end":{"line":182,"column":8}},{"start":{"line":182,"column":8},"end":{"line":182,"column":8}}]},"21":{"line":196,"type":"if","locations":[{"start":{"line":196,"column":87},"end":{"line":196,"column":87}},{"start":{"line":196,"column":87},"end":{"line":196,"column":87}}]},"22":{"line":197,"type":"if","locations":[{"start":{"line":197,"column":8},"end":{"line":197,"column":8}},{"start":{"line":197,"column":8},"end":{"line":197,"column":8}}]}}},"contracts/revenueshare/GeneralYieldSourceAdapter.sol":{"l":{"34":12,"38":12,"39":12,"50":3,"51":3,"61":4,"68":1,"76":0,"84":1},"path":"/Users/sing/playground/cinch/contracts/v1/hardhat/contracts/revenueshare/GeneralYieldSourceAdapter.sol","s":{"1":12,"2":3,"3":3,"4":4,"5":1,"6":0,"7":1},"b":{"1":[12,1],"2":[12,1]},"f":{"1":12,"2":12,"3":3,"4":4,"5":1,"6":0,"7":1},"fnMap":{"1":{"name":"__GeneralYieldSourceAdapter_init","line":33,"loc":{"start":{"line":33,"column":4},"end":{"line":35,"column":4}}},"2":{"name":"__GeneralYieldSourceAdapter_init_unchained","line":37,"loc":{"start":{"line":37,"column":4},"end":{"line":40,"column":4}}},"3":{"name":"_depositToYieldSourceVault","line":49,"loc":{"start":{"line":49,"column":4},"end":{"line":52,"column":4}}},"4":{"name":"_redeemFromYieldSourceVault","line":60,"loc":{"start":{"line":60,"column":4},"end":{"line":62,"column":4}}},"5":{"name":"sharePriceOfYieldSource","line":67,"loc":{"start":{"line":67,"column":4},"end":{"line":69,"column":4}}},"6":{"name":"shareBalanceAtYieldSourceOf","line":75,"loc":{"start":{"line":75,"column":4},"end":{"line":77,"column":4}}},"7":{"name":"getYieldSourceVaultTotalShares","line":83,"loc":{"start":{"line":83,"column":4},"end":{"line":85,"column":4}}}},"statementMap":{"1":{"start":{"line":34,"column":8},"end":{"line":34,"column":89}},"2":{"start":{"line":50,"column":8},"end":{"line":50,"column":70}},"3":{"start":{"line":51,"column":8},"end":{"line":51,"column":85}},"4":{"start":{"line":61,"column":8},"end":{"line":61,"column":98}},"5":{"start":{"line":68,"column":8},"end":{"line":68,"column":66}},"6":{"start":{"line":76,"column":8},"end":{"line":76,"column":72}},"7":{"start":{"line":84,"column":8},"end":{"line":84,"column":67}}},"branchMap":{"1":{"line":33,"type":"if","locations":[{"start":{"line":33,"column":111},"end":{"line":33,"column":111}},{"start":{"line":33,"column":111},"end":{"line":33,"column":111}}]},"2":{"line":37,"type":"if","locations":[{"start":{"line":37,"column":121},"end":{"line":37,"column":121}},{"start":{"line":37,"column":121},"end":{"line":37,"column":121}}]}}},"contracts/revenueshare/interfaces/IYieldSourceContract.sol":{"l":{},"path":"/Users/sing/playground/cinch/contracts/v1/hardhat/contracts/revenueshare/interfaces/IYieldSourceContract.sol","s":{},"b":{},"f":{},"fnMap":{},"statementMap":{},"branchMap":{}},"contracts/revenueshare/interfaces/IYieldSourceDHedge.sol":{"l":{},"path":"/Users/sing/playground/cinch/contracts/v1/hardhat/contracts/revenueshare/interfaces/IYieldSourceDHedge.sol","s":{},"b":{},"f":{},"fnMap":{},"statementMap":{},"branchMap":{}},"contracts/revenueshare/interfaces/IYieldSourceRibbonEarn.sol":{"l":{},"path":"/Users/sing/playground/cinch/contracts/v1/hardhat/contracts/revenueshare/interfaces/IYieldSourceRibbonEarn.sol","s":{},"b":{},"f":{},"fnMap":{},"statementMap":{},"branchMap":{}},"contracts/revenueshare/mocks/IERC20Extended.sol":{"l":{},"path":"/Users/sing/playground/cinch/contracts/v1/hardhat/contracts/revenueshare/mocks/IERC20Extended.sol","s":{},"b":{},"f":{},"fnMap":{},"statementMap":{},"branchMap":{}},"contracts/revenueshare/mocks/MockAttacker.sol":{"l":{"9":1,"13":1,"17":1,"21":1,"25":1,"29":1,"36":1,"40":1,"41":1,"48":1},"path":"/Users/sing/playground/cinch/contracts/v1/hardhat/contracts/revenueshare/mocks/MockAttacker.sol","s":{"1":1,"2":1,"3":1,"4":1,"5":1,"6":1,"7":1,"8":1,"9":1,"10":1},"b":{},"f":{"1":1,"2":1,"3":1,"4":1,"5":1,"6":1,"7":1,"8":1,"9":1},"fnMap":{"1":{"name":"reInitGeneralRevenueShareLogic","line":8,"loc":{"start":{"line":8,"column":4},"end":{"line":10,"column":4}}},"2":{"name":"reInitGeneralRevenueShareLogicUnChained","line":12,"loc":{"start":{"line":12,"column":4},"end":{"line":14,"column":4}}},"3":{"name":"reInitGeneralYieldSourceAdapter","line":16,"loc":{"start":{"line":16,"column":4},"end":{"line":18,"column":4}}},"4":{"name":"reInitGeneralYieldSourceAdapterUnChained","line":20,"loc":{"start":{"line":20,"column":4},"end":{"line":22,"column":4}}},"5":{"name":"reInitDepositPausable","line":24,"loc":{"start":{"line":24,"column":4},"end":{"line":26,"column":4}}},"6":{"name":"reInitDepositPausableUnChained","line":28,"loc":{"start":{"line":28,"column":4},"end":{"line":30,"column":4}}},"7":{"name":"_depositToYieldSourceVault","line":35,"loc":{"start":{"line":35,"column":4},"end":{"line":37,"column":4}}},"8":{"name":"forceFakeDepositState","line":39,"loc":{"start":{"line":39,"column":4},"end":{"line":42,"column":4}}},"9":{"name":"_redeemFromYieldSourceVault","line":47,"loc":{"start":{"line":47,"column":4},"end":{"line":49,"column":4}}}},"statementMap":{"1":{"start":{"line":9,"column":8},"end":{"line":9,"column":41}},"2":{"start":{"line":13,"column":8},"end":{"line":13,"column":51}},"3":{"start":{"line":17,"column":8},"end":{"line":17,"column":77}},"4":{"start":{"line":21,"column":8},"end":{"line":21,"column":87}},"5":{"start":{"line":25,"column":8},"end":{"line":25,"column":31}},"6":{"start":{"line":29,"column":8},"end":{"line":29,"column":41}},"7":{"start":{"line":36,"column":8},"end":{"line":36,"column":59}},"8":{"start":{"line":40,"column":8},"end":{"line":40,"column":30}},"9":{"start":{"line":41,"column":8},"end":{"line":41,"column":62}},"10":{"start":{"line":48,"column":8},"end":{"line":48,"column":69}}},"branchMap":{}},"contracts/revenueshare/mocks/MockERC20.sol":{"l":{"10":19,"14":13},"path":"/Users/sing/playground/cinch/contracts/v1/hardhat/contracts/revenueshare/mocks/MockERC20.sol","s":{"1":19,"2":13},"b":{},"f":{"1":12,"2":19,"3":13},"fnMap":{"1":{"name":"constructor","line":7,"loc":{"start":{"line":7,"column":4},"end":{"line":7,"column":41}}},"2":{"name":"faucet","line":9,"loc":{"start":{"line":9,"column":4},"end":{"line":11,"column":4}}},"3":{"name":"decimals","line":13,"loc":{"start":{"line":13,"column":4},"end":{"line":15,"column":4}}}},"statementMap":{"1":{"start":{"line":10,"column":8},"end":{"line":10,"column":24}},"2":{"start":{"line":14,"column":8},"end":{"line":14,"column":16}}},"branchMap":{}},"contracts/revenueshare/mocks/MockProtocol.sol":{"l":{"20":3,"28":5,"32":1},"path":"/Users/sing/playground/cinch/contracts/v1/hardhat/contracts/revenueshare/mocks/MockProtocol.sol","s":{"1":3,"2":5,"3":1},"b":{},"f":{"1":3,"2":3,"3":5,"4":1},"fnMap":{"1":{"name":"constructor","line":13,"loc":{"start":{"line":13,"column":4},"end":{"line":13,"column":94}}},"2":{"name":"_convertToShares","line":19,"loc":{"start":{"line":19,"column":4},"end":{"line":21,"column":4}}},"3":{"name":"_convertToAssets","line":27,"loc":{"start":{"line":27,"column":4},"end":{"line":29,"column":4}}},"4":{"name":"sharePrice","line":31,"loc":{"start":{"line":31,"column":4},"end":{"line":33,"column":4}}}},"statementMap":{"1":{"start":{"line":20,"column":8},"end":{"line":20,"column":50}},"2":{"start":{"line":28,"column":8},"end":{"line":28,"column":50}},"3":{"start":{"line":32,"column":8},"end":{"line":32,"column":72}}},"branchMap":{}},"contracts/revenueshare/mocks/MockProtocolDHedge.sol":{"l":{"12":1,"21":3,"22":3,"30":4},"path":"/Users/sing/playground/cinch/contracts/v1/hardhat/contracts/revenueshare/mocks/MockProtocolDHedge.sol","s":{"1":1,"2":3,"3":4},"b":{},"f":{"1":3,"2":1,"3":3,"4":4},"fnMap":{"1":{"name":"constructor","line":9,"loc":{"start":{"line":9,"column":4},"end":{"line":9,"column":106}}},"2":{"name":"tokenPrice","line":11,"loc":{"start":{"line":11,"column":4},"end":{"line":13,"column":4}}},"3":{"name":"depositFor","line":20,"loc":{"start":{"line":20,"column":4},"end":{"line":23,"column":4}}},"4":{"name":"withdrawTo","line":29,"loc":{"start":{"line":29,"column":4},"end":{"line":31,"column":4}}}},"statementMap":{"1":{"start":{"line":12,"column":8},"end":{"line":12,"column":16}},"2":{"start":{"line":21,"column":8},"end":{"line":21,"column":59}},"3":{"start":{"line":30,"column":8},"end":{"line":30,"column":92}}},"branchMap":{}},"contracts/revenueshare/mocks/MockProtocolDHedgeSwapper.sol":{"l":{"13":4,"14":4},"path":"/Users/sing/playground/cinch/contracts/v1/hardhat/contracts/revenueshare/mocks/MockProtocolDHedgeSwapper.sol","s":{"1":4,"2":4},"b":{},"f":{"1":4},"fnMap":{"1":{"name":"withdraw","line":12,"loc":{"start":{"line":12,"column":4},"end":{"line":15,"column":4}}}},"statementMap":{"1":{"start":{"line":13,"column":8},"end":{"line":13,"column":80}},"2":{"start":{"line":14,"column":8},"end":{"line":14,"column":71}}},"branchMap":{}},"contracts/revenueshare/mocks/MockProtocolRibbonEarn.sol":{"l":{"19":3,"28":14,"35":1,"42":1,"49":2},"path":"/Users/sing/playground/cinch/contracts/v1/hardhat/contracts/revenueshare/mocks/MockProtocolRibbonEarn.sol","s":{"1":3,"2":14,"3":1,"4":1,"5":2},"b":{},"f":{"1":3,"2":3,"3":14,"4":1,"5":1,"6":2},"fnMap":{"1":{"name":"constructor","line":9,"loc":{"start":{"line":9,"column":4},"end":{"line":9,"column":114}}},"2":{"name":"depositFor","line":18,"loc":{"start":{"line":18,"column":4},"end":{"line":20,"column":4}}},"3":{"name":"shares","line":27,"loc":{"start":{"line":27,"column":4},"end":{"line":29,"column":4}}},"4":{"name":"pricePerShare","line":34,"loc":{"start":{"line":34,"column":4},"end":{"line":36,"column":4}}},"5":{"name":"_convertToShares","line":41,"loc":{"start":{"line":41,"column":4},"end":{"line":43,"column":4}}},"6":{"name":"_convertToAssets","line":48,"loc":{"start":{"line":48,"column":4},"end":{"line":50,"column":4}}}},"statementMap":{"1":{"start":{"line":19,"column":8},"end":{"line":19,"column":55}},"2":{"start":{"line":28,"column":8},"end":{"line":28,"column":33}},"3":{"start":{"line":35,"column":8},"end":{"line":35,"column":16}},"4":{"start":{"line":42,"column":8},"end":{"line":42,"column":21}},"5":{"start":{"line":49,"column":8},"end":{"line":49,"column":22}}},"branchMap":{}},"contracts/revenueshare/RevenueShareVault.sol":{"l":{"48":12,"49":12,"50":12,"51":12,"52":12,"53":12,"54":12,"67":16,"81":18,"82":17,"83":16,"86":16,"89":10,"92":9,"93":9,"94":9,"95":9,"97":9,"106":11,"118":8,"119":2,"128":6,"129":6,"131":6,"146":8,"147":7,"148":7,"149":6,"152":5,"154":5,"155":4,"156":3,"157":3,"169":7,"177":7},"path":"/Users/sing/playground/cinch/contracts/v1/hardhat/contracts/revenueshare/RevenueShareVault.sol","s":{"1":12,"2":12,"3":12,"4":12,"5":12,"6":12,"7":16,"8":18,"9":17,"10":16,"11":16,"12":10,"13":9,"14":9,"15":9,"16":9,"17":11,"18":8,"19":2,"20":6,"21":6,"22":6,"23":8,"24":7,"25":7,"26":6,"27":5,"28":5,"29":4,"30":3,"31":3,"32":7,"33":7},"b":{"1":[12,1],"2":[22,2],"3":[19,3],"4":[18,1],"5":[17,1],"6":[16,1],"7":[16,0],"8":[2,6],"9":[9,1],"10":[8,1],"11":[7,1],"12":[7,0],"13":[6,1],"14":[5,1],"15":[7,3],"16":[7,1]},"f":{"1":12,"2":16,"3":18,"4":11,"5":8,"6":8,"7":7,"8":7},"fnMap":{"1":{"name":"initialize","line":47,"loc":{"start":{"line":47,"column":4},"end":{"line":55,"column":4}}},"2":{"name":"maxDeposit","line":66,"loc":{"start":{"line":66,"column":4},"end":{"line":68,"column":4}}},"3":{"name":"depositWithReferral","line":80,"loc":{"start":{"line":80,"column":4},"end":{"line":98,"column":4}}},"4":{"name":"maxRedeem","line":105,"loc":{"start":{"line":105,"column":4},"end":{"line":107,"column":4}}},"5":{"name":"_redeem","line":117,"loc":{"start":{"line":117,"column":4},"end":{"line":132,"column":4}}},"6":{"name":"redeemWithReferral","line":145,"loc":{"start":{"line":145,"column":4},"end":{"line":158,"column":4}}},"7":{"name":"pause","line":168,"loc":{"start":{"line":168,"column":4},"end":{"line":170,"column":4}}},"8":{"name":"unpause","line":176,"loc":{"start":{"line":176,"column":4},"end":{"line":178,"column":4}}}},"statementMap":{"1":{"start":{"line":48,"column":8},"end":{"line":48,"column":23}},"2":{"start":{"line":49,"column":8},"end":{"line":49,"column":24}},"3":{"start":{"line":50,"column":8},"end":{"line":50,"column":31}},"4":{"start":{"line":51,"column":8},"end":{"line":51,"column":35}},"5":{"start":{"line":52,"column":8},"end":{"line":52,"column":79}},"6":{"start":{"line":53,"column":8},"end":{"line":53,"column":70}},"7":{"start":{"line":67,"column":8},"end":{"line":67,"column":32}},"8":{"start":{"line":81,"column":8},"end":{"line":81,"column":41}},"9":{"start":{"line":82,"column":8},"end":{"line":82,"column":80}},"10":{"start":{"line":83,"column":8},"end":{"line":83,"column":89}},"11":{"start":{"line":86,"column":8},"end":{"line":86,"column":107}},"12":{"start":{"line":89,"column":8},"end":{"line":89,"column":66}},"13":{"start":{"line":92,"column":8},"end":{"line":92,"column":30}},"14":{"start":{"line":93,"column":8},"end":{"line":93,"column":62}},"15":{"start":{"line":95,"column":8},"end":{"line":95,"column":82}},"16":{"start":{"line":97,"column":8},"end":{"line":97,"column":21}},"17":{"start":{"line":106,"column":8},"end":{"line":106,"column":38}},"18":{"start":{"line":118,"column":8},"end":{"line":118,"column":5890}},"19":{"start":{"line":119,"column":12},"end":{"line":119,"column":55}},"20":{"start":{"line":128,"column":8},"end":{"line":128,"column":33}},"21":{"start":{"line":129,"column":8},"end":{"line":129,"column":84}},"22":{"start":{"line":131,"column":8},"end":{"line":131,"column":66}},"23":{"start":{"line":146,"column":8},"end":{"line":146,"column":41}},"24":{"start":{"line":147,"column":8},"end":{"line":147,"column":80}},"25":{"start":{"line":148,"column":8},"end":{"line":148,"column":90}},"26":{"start":{"line":149,"column":8},"end":{"line":149,"column":128}},"27":{"start":{"line":152,"column":8},"end":{"line":152,"column":67}},"28":{"start":{"line":154,"column":8},"end":{"line":154,"column":60}},"29":{"start":{"line":155,"column":8},"end":{"line":155,"column":67}},"30":{"start":{"line":156,"column":8},"end":{"line":156,"column":94}},"31":{"start":{"line":157,"column":8},"end":{"line":157,"column":21}},"32":{"start":{"line":169,"column":8},"end":{"line":169,"column":15}},"33":{"start":{"line":177,"column":8},"end":{"line":177,"column":17}}},"branchMap":{"1":{"line":47,"type":"if","locations":[{"start":{"line":47,"column":191},"end":{"line":47,"column":191}},{"start":{"line":47,"column":191},"end":{"line":47,"column":191}}]},"2":{"line":80,"type":"if","locations":[{"start":{"line":80,"column":100},"end":{"line":80,"column":100}},{"start":{"line":80,"column":100},"end":{"line":80,"column":100}}]},"3":{"line":80,"type":"if","locations":[{"start":{"line":80,"column":114},"end":{"line":80,"column":114}},{"start":{"line":80,"column":114},"end":{"line":80,"column":114}}]},"4":{"line":80,"type":"if","locations":[{"start":{"line":80,"column":135},"end":{"line":80,"column":135}},{"start":{"line":80,"column":135},"end":{"line":80,"column":135}}]},"5":{"line":81,"type":"if","locations":[{"start":{"line":81,"column":8},"end":{"line":81,"column":8}},{"start":{"line":81,"column":8},"end":{"line":81,"column":8}}]},"6":{"line":82,"type":"if","locations":[{"start":{"line":82,"column":8},"end":{"line":82,"column":8}},{"start":{"line":82,"column":8},"end":{"line":82,"column":8}}]},"7":{"line":83,"type":"if","locations":[{"start":{"line":83,"column":8},"end":{"line":83,"column":8}},{"start":{"line":83,"column":8},"end":{"line":83,"column":8}}]},"8":{"line":118,"type":"if","locations":[{"start":{"line":118,"column":8},"end":{"line":118,"column":8}},{"start":{"line":118,"column":8},"end":{"line":118,"column":8}}]},"9":{"line":145,"type":"if","locations":[{"start":{"line":145,"column":120},"end":{"line":145,"column":120}},{"start":{"line":145,"column":120},"end":{"line":145,"column":120}}]},"10":{"line":145,"type":"if","locations":[{"start":{"line":145,"column":134},"end":{"line":145,"column":134}},{"start":{"line":145,"column":134},"end":{"line":145,"column":134}}]},"11":{"line":146,"type":"if","locations":[{"start":{"line":146,"column":8},"end":{"line":146,"column":8}},{"start":{"line":146,"column":8},"end":{"line":146,"column":8}}]},"12":{"line":147,"type":"if","locations":[{"start":{"line":147,"column":8},"end":{"line":147,"column":8}},{"start":{"line":147,"column":8},"end":{"line":147,"column":8}}]},"13":{"line":148,"type":"if","locations":[{"start":{"line":148,"column":8},"end":{"line":148,"column":8}},{"start":{"line":148,"column":8},"end":{"line":148,"column":8}}]},"14":{"line":149,"type":"if","locations":[{"start":{"line":149,"column":8},"end":{"line":149,"column":8}},{"start":{"line":149,"column":8},"end":{"line":149,"column":8}}]},"15":{"line":168,"type":"if","locations":[{"start":{"line":168,"column":30},"end":{"line":168,"column":30}},{"start":{"line":168,"column":30},"end":{"line":168,"column":30}}]},"16":{"line":176,"type":"if","locations":[{"start":{"line":176,"column":32},"end":{"line":176,"column":32}},{"start":{"line":176,"column":32},"end":{"line":176,"column":32}}]}}},"contracts/revenueshare/RevenueShareVaultDHedge.sol":{"l":{"22":3,"23":3,"34":4,"35":4,"37":4,"38":4,"39":4,"55":4,"56":4,"57":4,"58":4,"61":4,"63":4,"64":4,"65":3,"66":3,"80":1,"87":1,"95":0,"103":1},"path":"/Users/sing/playground/cinch/contracts/v1/hardhat/contracts/revenueshare/RevenueShareVaultDHedge.sol","s":{"1":3,"2":3,"3":4,"4":4,"5":4,"6":4,"7":4,"8":4,"9":4,"10":4,"11":4,"12":4,"13":4,"14":4,"15":3,"16":3,"17":1,"18":1,"19":0,"20":1},"b":{"1":[4,0],"2":[4,0],"3":[4,0],"4":[4,0],"5":[4,0],"6":[4,0],"7":[0,1]},"f":{"1":3,"2":4,"3":4,"4":1,"5":1,"6":0,"7":1},"fnMap":{"1":{"name":"_depositToYieldSourceVault","line":21,"loc":{"start":{"line":21,"column":4},"end":{"line":24,"column":4}}},"2":{"name":"_redeemFromYieldSourceVault","line":33,"loc":{"start":{"line":33,"column":4},"end":{"line":40,"column":4}}},"3":{"name":"redeemWithReferralAndExpectedAmountOut","line":54,"loc":{"start":{"line":54,"column":4},"end":{"line":67,"column":4}}},"4":{"name":"redeemWithReferral","line":79,"loc":{"start":{"line":79,"column":4},"end":{"line":81,"column":4}}},"5":{"name":"sharePriceOfYieldSource","line":86,"loc":{"start":{"line":86,"column":4},"end":{"line":88,"column":4}}},"6":{"name":"shareBalanceAtYieldSourceOf","line":94,"loc":{"start":{"line":94,"column":4},"end":{"line":96,"column":4}}},"7":{"name":"getYieldSourceVaultTotalShares","line":102,"loc":{"start":{"line":102,"column":4},"end":{"line":104,"column":4}}}},"statementMap":{"1":{"start":{"line":22,"column":8},"end":{"line":22,"column":70}},"2":{"start":{"line":23,"column":8},"end":{"line":23,"column":94}},"3":{"start":{"line":34,"column":8},"end":{"line":34,"column":81}},"4":{"start":{"line":35,"column":8},"end":{"line":35,"column":81}},"5":{"start":{"line":37,"column":8},"end":{"line":37,"column":121}},"6":{"start":{"line":38,"column":8},"end":{"line":38,"column":81}},"7":{"start":{"line":39,"column":8},"end":{"line":39,"column":44}},"8":{"start":{"line":55,"column":8},"end":{"line":55,"column":41}},"9":{"start":{"line":56,"column":8},"end":{"line":56,"column":80}},"10":{"start":{"line":57,"column":8},"end":{"line":57,"column":90}},"11":{"start":{"line":58,"column":8},"end":{"line":58,"column":128}},"12":{"start":{"line":61,"column":8},"end":{"line":61,"column":67}},"13":{"start":{"line":63,"column":8},"end":{"line":63,"column":79}},"14":{"start":{"line":64,"column":8},"end":{"line":64,"column":67}},"15":{"start":{"line":65,"column":8},"end":{"line":65,"column":94}},"16":{"start":{"line":66,"column":8},"end":{"line":66,"column":21}},"17":{"start":{"line":80,"column":8},"end":{"line":80,"column":63}},"18":{"start":{"line":87,"column":8},"end":{"line":87,"column":64}},"19":{"start":{"line":95,"column":8},"end":{"line":95,"column":70}},"20":{"start":{"line":103,"column":8},"end":{"line":103,"column":65}}},"branchMap":{"1":{"line":54,"type":"if","locations":[{"start":{"line":54,"column":167},"end":{"line":54,"column":167}},{"start":{"line":54,"column":167},"end":{"line":54,"column":167}}]},"2":{"line":54,"type":"if","locations":[{"start":{"line":54,"column":181},"end":{"line":54,"column":181}},{"start":{"line":54,"column":181},"end":{"line":54,"column":181}}]},"3":{"line":55,"type":"if","locations":[{"start":{"line":55,"column":8},"end":{"line":55,"column":8}},{"start":{"line":55,"column":8},"end":{"line":55,"column":8}}]},"4":{"line":56,"type":"if","locations":[{"start":{"line":56,"column":8},"end":{"line":56,"column":8}},{"start":{"line":56,"column":8},"end":{"line":56,"column":8}}]},"5":{"line":57,"type":"if","locations":[{"start":{"line":57,"column":8},"end":{"line":57,"column":8}},{"start":{"line":57,"column":8},"end":{"line":57,"column":8}}]},"6":{"line":58,"type":"if","locations":[{"start":{"line":58,"column":8},"end":{"line":58,"column":8}},{"start":{"line":58,"column":8},"end":{"line":58,"column":8}}]},"7":{"line":80,"type":"if","locations":[{"start":{"line":80,"column":8},"end":{"line":80,"column":8}},{"start":{"line":80,"column":8},"end":{"line":80,"column":8}}]}}},"contracts/revenueshare/RevenueShareVaultRibbonEarn.sol":{"l":{"24":3,"25":3,"26":3,"27":3,"28":3,"42":1,"49":1,"57":8,"65":1,"73":2,"74":2,"75":3,"76":3,"77":3,"78":3,"79":3,"89":2,"90":2,"91":2,"92":2,"93":4,"94":4,"95":4,"96":4,"97":4,"98":4,"100":4,"101":4,"103":2,"104":2},"path":"/Users/sing/playground/cinch/contracts/v1/hardhat/contracts/revenueshare/RevenueShareVaultRibbonEarn.sol","s":{"1":3,"2":3,"3":3,"4":3,"5":3,"6":1,"7":1,"8":8,"9":1,"10":2,"11":2,"12":3,"13":3,"14":3,"15":3,"16":2,"17":2,"18":2,"19":2,"20":4,"21":4,"22":4,"23":4,"24":2},"b":{"1":[0,1],"2":[2,1]},"f":{"1":3,"2":1,"3":1,"4":8,"5":1,"6":2,"7":2},"fnMap":{"1":{"name":"_depositToYieldSourceVault","line":23,"loc":{"start":{"line":23,"column":4},"end":{"line":29,"column":4}}},"2":{"name":"redeemWithReferral","line":41,"loc":{"start":{"line":41,"column":4},"end":{"line":43,"column":4}}},"3":{"name":"sharePriceOfYieldSource","line":48,"loc":{"start":{"line":48,"column":4},"end":{"line":50,"column":4}}},"4":{"name":"shareBalanceAtYieldSourceOf","line":56,"loc":{"start":{"line":56,"column":4},"end":{"line":58,"column":4}}},"5":{"name":"getYieldSourceVaultTotalShares","line":64,"loc":{"start":{"line":64,"column":4},"end":{"line":66,"column":4}}},"6":{"name":"totalShareBalanceAtYieldSourceInReferralSet","line":72,"loc":{"start":{"line":72,"column":4},"end":{"line":82,"column":4}}},"7":{"name":"setTotalSharesInReferralAccordingToYieldSource","line":88,"loc":{"start":{"line":88,"column":4},"end":{"line":105,"column":4}}}},"statementMap":{"1":{"start":{"line":24,"column":8},"end":{"line":24,"column":70}},"2":{"start":{"line":25,"column":8},"end":{"line":25,"column":87}},"3":{"start":{"line":26,"column":8},"end":{"line":26,"column":81}},"4":{"start":{"line":27,"column":8},"end":{"line":27,"column":87}},"5":{"start":{"line":28,"column":8},"end":{"line":28,"column":32}},"6":{"start":{"line":42,"column":8},"end":{"line":42,"column":67}},"7":{"start":{"line":49,"column":8},"end":{"line":49,"column":71}},"8":{"start":{"line":57,"column":8},"end":{"line":57,"column":71}},"9":{"start":{"line":65,"column":8},"end":{"line":65,"column":69}},"10":{"start":{"line":73,"column":8},"end":{"line":73,"column":58}},"11":{"start":{"line":74,"column":8},"end":{"line":74,"column":3547}},"12":{"start":{"line":75,"column":12},"end":{"line":75,"column":43}},"13":{"start":{"line":76,"column":12},"end":{"line":76,"column":74}},"14":{"start":{"line":77,"column":12},"end":{"line":77,"column":3733}},"15":{"start":{"line":78,"column":16},"end":{"line":78,"column":39}},"16":{"start":{"line":89,"column":8},"end":{"line":89,"column":38}},"17":{"start":{"line":90,"column":8},"end":{"line":90,"column":42}},"18":{"start":{"line":91,"column":8},"end":{"line":91,"column":58}},"19":{"start":{"line":92,"column":8},"end":{"line":92,"column":4360}},"20":{"start":{"line":94,"column":12},"end":{"line":94,"column":43}},"21":{"start":{"line":95,"column":12},"end":{"line":95,"column":74}},"22":{"start":{"line":96,"column":12},"end":{"line":96,"column":4586}},"23":{"start":{"line":97,"column":16},"end":{"line":97,"column":39}},"24":{"start":{"line":104,"column":8},"end":{"line":104,"column":65}}},"branchMap":{"1":{"line":42,"type":"if","locations":[{"start":{"line":42,"column":8},"end":{"line":42,"column":8}},{"start":{"line":42,"column":8},"end":{"line":42,"column":8}}]},"2":{"line":88,"type":"if","locations":[{"start":{"line":88,"column":71},"end":{"line":88,"column":71}},{"start":{"line":88,"column":71},"end":{"line":88,"column":71}}]}}},"contracts/revenueshare/security/DepositPausableUpgradeable.sol":{"l":{"36":12,"40":12,"51":29,"52":25,"63":5,"64":4,"71":34,"78":29,"85":5,"96":3,"97":3,"108":3,"109":3},"path":"/Users/sing/playground/cinch/contracts/v1/hardhat/contracts/revenueshare/security/DepositPausableUpgradeable.sol","s":{"1":12,"2":29,"3":5,"4":34,"5":29,"6":5,"7":3,"8":3},"b":{"1":[12,1],"2":[12,1],"3":[25,4],"4":[4,1],"5":[6,1],"6":[3,3],"7":[4,1],"8":[3,1]},"f":{"1":12,"2":12,"3":29,"4":5,"5":34,"6":29,"7":5,"8":3,"9":3},"fnMap":{"1":{"name":"__DepositPausable_init","line":35,"loc":{"start":{"line":35,"column":4},"end":{"line":37,"column":4}}},"2":{"name":"__DepositPausable_init_unchained","line":39,"loc":{"start":{"line":39,"column":4},"end":{"line":41,"column":4}}},"3":{"name":"whenDepositNotPaused","line":50,"loc":{"start":{"line":50,"column":4},"end":{"line":53,"column":4}}},"4":{"name":"whenDepositPaused","line":62,"loc":{"start":{"line":62,"column":4},"end":{"line":65,"column":4}}},"5":{"name":"depositPaused","line":70,"loc":{"start":{"line":70,"column":4},"end":{"line":72,"column":4}}},"6":{"name":"_requireDepositNotPaused","line":77,"loc":{"start":{"line":77,"column":4},"end":{"line":79,"column":4}}},"7":{"name":"_requireDepositPaused","line":84,"loc":{"start":{"line":84,"column":4},"end":{"line":86,"column":4}}},"8":{"name":"pauseDeposit","line":95,"loc":{"start":{"line":95,"column":4},"end":{"line":98,"column":4}}},"9":{"name":"unpauseDeposit","line":107,"loc":{"start":{"line":107,"column":4},"end":{"line":110,"column":4}}}},"statementMap":{"1":{"start":{"line":36,"column":8},"end":{"line":36,"column":41}},"2":{"start":{"line":51,"column":8},"end":{"line":51,"column":33}},"3":{"start":{"line":63,"column":8},"end":{"line":63,"column":30}},"4":{"start":{"line":71,"column":8},"end":{"line":71,"column":29}},"5":{"start":{"line":78,"column":8},"end":{"line":78,"column":59}},"6":{"start":{"line":85,"column":8},"end":{"line":85,"column":60}},"7":{"start":{"line":97,"column":8},"end":{"line":97,"column":40}},"8":{"start":{"line":109,"column":8},"end":{"line":109,"column":42}}},"branchMap":{"1":{"line":35,"type":"if","locations":[{"start":{"line":35,"column":47},"end":{"line":35,"column":47}},{"start":{"line":35,"column":47},"end":{"line":35,"column":47}}]},"2":{"line":39,"type":"if","locations":[{"start":{"line":39,"column":57},"end":{"line":39,"column":57}},{"start":{"line":39,"column":57},"end":{"line":39,"column":57}}]},"3":{"line":78,"type":"if","locations":[{"start":{"line":78,"column":8},"end":{"line":78,"column":8}},{"start":{"line":78,"column":8},"end":{"line":78,"column":8}}]},"4":{"line":85,"type":"if","locations":[{"start":{"line":85,"column":8},"end":{"line":85,"column":8}},{"start":{"line":85,"column":8},"end":{"line":85,"column":8}}]},"5":{"line":95,"type":"if","locations":[{"start":{"line":95,"column":45},"end":{"line":95,"column":45}},{"start":{"line":95,"column":45},"end":{"line":95,"column":45}}]},"6":{"line":95,"type":"if","locations":[{"start":{"line":95,"column":66},"end":{"line":95,"column":66}},{"start":{"line":95,"column":66},"end":{"line":95,"column":66}}]},"7":{"line":107,"type":"if","locations":[{"start":{"line":107,"column":47},"end":{"line":107,"column":47}},{"start":{"line":107,"column":47},"end":{"line":107,"column":47}}]},"8":{"line":107,"type":"if","locations":[{"start":{"line":107,"column":65},"end":{"line":107,"column":65}},{"start":{"line":107,"column":65},"end":{"line":107,"column":65}}]}}}}